<?xml version="1.0" encoding="UTF-8"?>
<!-- Generated by org.testng.reporters.JUnitReportReporter -->
<testsuite hostname="Admin" name="com.rameshsoft.businessScripts.SampleTest" tests="1" failures="0" timestamp="18 Jun 2021 10:57:45 GMT" time="16.218" errors="0">
  <testcase name="testOne" time="16.218" classname="com.rameshsoft.businessScripts.SampleTest"/>
</testsuite> <!-- com.rameshsoft.businessScripts.SampleTest -->
